2018-10-09 DEBUG [32] ass
2018-10-09 INFO [33] cc
2018-10-09 WARNING [34] dd
2018-10-09 ERROR [35] dsdsd
2018-10-09 CRITICAL [36] dsdsf
2018-10-09 DEBUG [32] ass
2018-10-09 INFO [33] cc
2018-10-09 WARNING [34] dd
2018-10-09 ERROR [35] dsdsd
2018-10-09 CRITICAL [36] dsdsf
2018-10-09 DEBUG [32] ass
2018-10-09 INFO [33] cc
2018-10-09 WARNING [34] dd
2018-10-09 ERROR [35] dsdsd
2018-10-09 CRITICAL [36] dsdsf
2018-10-09 DEBUG [17] ass
2018-10-09 INFO [18] cc
2018-10-09 WARNING [19] dd
2018-10-09 ERROR [20] dsdsd
2018-10-09 CRITICAL [21] dsdsf
2018-10-09 DEBUG [29] 1
2018-10-09 INFO [30] 2
2018-10-09 WARNING [31] 3
2018-10-09 ERROR [32] 4
2018-10-09 CRITICAL [33] 5
2018-10-09 DEBUG [17] ass
2018-10-09 INFO [18] cc
2018-10-09 WARNING [19] dd
2018-10-09 ERROR [20] dsdsd
2018-10-09 CRITICAL [21] dsdsf
2018-10-09 DEBUG [30] 1
2018-10-09 INFO [31] 2
2018-10-09 WARNING [32] 3
2018-10-09 ERROR [33] 4
2018-10-09 CRITICAL [34] 5
2018-10-09 DEBUG [17] ass
2018-10-09 INFO [18] cc
2018-10-09 WARNING [19] dd
2018-10-09 ERROR [20] dsdsd
2018-10-09 CRITICAL [21] dsdsf
2018-10-09 DEBUG [17] ass
2018-10-09 INFO [18] cc
2018-10-09 WARNING [19] dd
2018-10-09 ERROR [20] dsdsd
2018-10-09 CRITICAL [21] dsdsf
2018-10-09 DEBUG [32] 1
